TN:
SF:/Users/hano/Documents/Development/Projects/generator-tmp2/app/index.js
FN:11,Generator
FN:40,(anonymous_2)
FN:49,askFor
FN:71,(anonymous_4)
FN:83,git
FN:88,bower
FN:93,jshint
FN:97,editorConfig
FN:101,gruntconfigfile
FN:105,gruntfile
FN:109,packageJSON
FN:113,configJS
FN:117,mainStylesheet
FN:125,writeIndex
FN:161,(anonymous_15)
FN:171,writeIndexWithRequirejs
FN:183,setupEnv
FN:198,mainJs
FN:211,createAppFile
FN:223,scaffoldingApp
FN:239,artwork
FN:252,getBlue
FN:256,getGrey
FN:260,updateLineColor
FN:268,draw
FNF:25
FNH:21
FNDA:10,Generator
FNDA:0,(anonymous_2)
FNDA:9,askFor
FNDA:9,(anonymous_4)
FNDA:9,git
FNDA:9,bower
FNDA:9,jshint
FNDA:9,editorConfig
FNDA:9,gruntconfigfile
FNDA:9,gruntfile
FNDA:9,packageJSON
FNDA:9,configJS
FNDA:9,mainStylesheet
FNDA:9,writeIndex
FNDA:54,(anonymous_15)
FNDA:9,writeIndexWithRequirejs
FNDA:9,setupEnv
FNDA:0,mainJs
FNDA:0,createAppFile
FNDA:0,scaffoldingApp
FNDA:9,artwork
FNDA:1224,getBlue
FNDA:315,getGrey
FNDA:81,updateLineColor
FNDA:9,draw
DA:1,1
DA:2,1
DA:3,1
DA:4,1
DA:5,1
DA:6,1
DA:8,1
DA:9,1
DA:11,1
DA:12,10
DA:14,10
DA:15,10
DA:16,10
DA:19,10
DA:22,10
DA:23,10
DA:32,10
DA:33,10
DA:34,0
DA:35,0
DA:38,10
DA:40,10
DA:41,0
DA:42,0
DA:47,1
DA:49,1
DA:50,9
DA:52,9
DA:54,9
DA:56,9
DA:71,9
DA:72,9
DA:73,9
DA:76,9
DA:77,9
DA:79,9
DA:83,1
DA:84,9
DA:85,9
DA:88,1
DA:89,9
DA:90,9
DA:93,1
DA:94,9
DA:97,1
DA:98,9
DA:101,1
DA:102,9
DA:105,1
DA:106,9
DA:109,1
DA:110,9
DA:113,1
DA:114,9
DA:117,1
DA:118,9
DA:119,9
DA:120,9
DA:122,9
DA:125,1
DA:126,9
DA:127,0
DA:130,9
DA:131,9
DA:133,9
DA:147,9
DA:149,9
DA:160,9
DA:161,9
DA:162,54
DA:164,9
DA:171,1
DA:172,9
DA:173,9
DA:175,0
DA:176,0
DA:178,0
DA:183,1
DA:184,9
DA:185,9
DA:186,9
DA:187,9
DA:188,9
DA:189,9
DA:190,9
DA:191,9
DA:192,0
DA:193,0
DA:194,0
DA:195,0
DA:198,1
DA:199,0
DA:200,0
DA:203,0
DA:204,0
DA:206,0
DA:208,0
DA:211,1
DA:212,0
DA:213,0
DA:216,0
DA:217,0
DA:219,0
DA:220,0
DA:223,1
DA:224,0
DA:225,0
DA:229,0
DA:230,0
DA:231,0
DA:235,0
DA:236,0
DA:239,1
DA:240,9
DA:241,9
DA:242,9
DA:243,9
DA:244,9
DA:245,9
DA:246,9
DA:247,9
DA:248,9
DA:250,9
DA:252,1
DA:253,1224
DA:256,1
DA:257,315
DA:260,1
DA:261,81
DA:262,45
DA:264,36
DA:268,1
DA:269,9
DA:270,9
DA:271,81
DA:272,81
DA:273,81
DA:274,1440
DA:275,1224
DA:276,216
DA:277,216
DA:280,81
DA:281,81
DA:282,81
DA:284,9
DA:285,9
DA:286,9
DA:288,9
LF:148
LH:117
BRDA:14,1,0,10
BRDA:14,1,1,0
BRDA:19,2,0,10
BRDA:19,2,1,10
BRDA:22,3,0,10
BRDA:22,3,1,10
BRDA:33,4,0,0
BRDA:33,4,1,10
BRDA:41,5,0,0
BRDA:41,5,1,0
BRDA:119,6,0,9
BRDA:119,6,1,0
BRDA:126,7,0,0
BRDA:126,7,1,9
BRDA:172,8,0,9
BRDA:172,8,1,0
BRDA:199,9,0,0
BRDA:199,9,1,0
BRDA:203,10,0,0
BRDA:203,10,1,0
BRDA:212,11,0,0
BRDA:212,11,1,0
BRDA:216,12,0,0
BRDA:216,12,1,0
BRDA:219,13,0,0
BRDA:219,13,1,0
BRDA:224,14,0,0
BRDA:224,14,1,0
BRDA:224,15,0,0
BRDA:224,15,1,0
BRDA:224,15,2,0
BRDA:261,16,0,45
BRDA:261,16,1,36
BRDA:274,17,0,1224
BRDA:274,17,1,216
BRDA:276,18,0,216
BRDA:276,18,1,0
BRF:37
BRH:14
end_of_record
TN:
SF:/Users/hano/Documents/Development/Projects/generator-tmp2/script-base.js
FN:8,Generator
FN:49,(anonymous_2)
FN:53,(anonymous_3)
FN:76,isUsingRequireJS
FN:92,getScaffoldingTemplates
FN:101,(anonymous_6)
FNF:6
FNH:3
FNDA:6,Generator
FNDA:0,(anonymous_2)
FNDA:0,(anonymous_3)
FNDA:0,isUsingRequireJS
FNDA:9,getScaffoldingTemplates
FNDA:117,(anonymous_6)
DA:1,1
DA:2,1
DA:3,1
DA:4,1
DA:5,1
DA:6,1
DA:8,1
DA:9,6
DA:11,6
DA:12,6
DA:13,6
DA:16,6
DA:19,6
DA:20,0
DA:23,6
DA:24,6
DA:28,6
DA:30,0
DA:33,6
DA:36,6
DA:37,6
DA:39,6
DA:40,0
DA:41,0
DA:44,6
DA:47,1
DA:49,1
DA:50,0
DA:53,1
DA:54,0
DA:55,0
DA:56,0
DA:57,0
DA:59,0
DA:67,0
DA:76,1
DA:77,0
DA:78,0
DA:80,0
DA:81,0
DA:83,0
DA:92,1
DA:94,9
DA:95,9
DA:99,9
DA:100,9
DA:101,9
DA:102,117
DA:103,117
DA:104,117
DA:107,18
DA:108,18
DA:109,18
DA:110,18
DA:111,18
DA:115,9
LF:56
LH:40
BRDA:11,1,0,6
BRDA:11,1,1,0
BRDA:16,2,0,6
BRDA:16,2,1,6
BRDA:19,3,0,0
BRDA:19,3,1,6
BRDA:23,4,0,6
BRDA:23,4,1,0
BRDA:28,5,0,0
BRDA:28,5,1,6
BRDA:28,6,0,6
BRDA:28,6,1,6
BRDA:39,7,0,0
BRDA:39,7,1,6
BRDA:55,8,0,0
BRDA:55,8,1,0
BRDA:77,9,0,0
BRDA:77,9,1,0
BRDA:104,10,0,18
BRDA:104,10,1,99
BRDA:104,11,0,117
BRDA:104,11,1,27
BRF:22
BRH:13
end_of_record
TN:
SF:/Users/hano/Documents/Development/Projects/generator-tmp2/util.js
FN:11,rewriteFile
FN:21,escapeRegExp
FN:25,rewrite
FN:27,(anonymous_4)
FN:39,(anonymous_5)
FN:55,(anonymous_6)
FNF:6
FNH:5
FNDA:0,rewriteFile
FNDA:54,escapeRegExp
FNDA:9,rewrite
FNDA:54,(anonymous_4)
FNDA:504,(anonymous_5)
FNDA:54,(anonymous_6)
DA:1,1
DA:2,1
DA:3,1
DA:6,1
DA:11,1
DA:12,0
DA:13,0
DA:15,0
DA:16,0
DA:18,0
DA:21,1
DA:22,54
DA:25,1
DA:27,9
DA:28,54
DA:32,9
DA:33,0
DA:36,9
DA:38,9
DA:39,9
DA:40,504
DA:41,45
DA:45,9
DA:46,9
DA:47,72
DA:50,9
DA:51,9
DA:52,72
DA:55,9
DA:56,54
DA:60,9
LF:31
LH:25
BRDA:12,1,0,0
BRDA:12,1,1,0
BRDA:32,2,0,0
BRDA:32,2,1,9
BRDA:40,3,0,45
BRDA:40,3,1,459
BRF:6
BRH:3
end_of_record
TN:
SF:/Users/hano/Documents/Development/Projects/generator-tmp2/collection/index.js
FN:9,Generator
FN:19,createControllerFiles
FNF:2
FNH:1
FNDA:1,Generator
FNDA:0,createControllerFiles
DA:2,1
DA:3,1
DA:4,1
DA:5,1
DA:7,1
DA:9,1
DA:10,1
DA:11,1
DA:12,1
DA:17,1
DA:19,1
DA:20,0
DA:21,0
DA:22,0
DA:24,0
DA:25,0
DA:26,0
DA:27,0
LF:18
LH:11
BRDA:11,1,0,0
BRDA:11,1,1,1
BRDA:20,2,0,0
BRDA:20,2,1,0
BRDA:24,3,0,0
BRDA:24,3,1,0
BRF:6
BRH:1
end_of_record
TN:
SF:/Users/hano/Documents/Development/Projects/generator-tmp2/model/index.js
FN:9,Generator
FN:20,(anonymous_2)
FN:32,createModelFiles
FNF:3
FNH:1
FNDA:1,Generator
FNDA:0,(anonymous_2)
FNDA:0,createModelFiles
DA:2,1
DA:3,1
DA:4,1
DA:5,1
DA:7,1
DA:9,1
DA:10,1
DA:13,1
DA:20,1
DA:21,0
DA:22,0
DA:30,1
DA:32,1
DA:33,0
DA:34,0
DA:35,0
DA:37,0
DA:38,0
DA:39,0
DA:40,0
LF:20
LH:11
BRDA:24,1,0,0
BRDA:24,1,1,0
BRDA:33,2,0,0
BRDA:33,2,1,0
BRDA:37,3,0,0
BRDA:37,3,1,0
BRF:6
BRH:0
end_of_record
TN:
SF:/Users/hano/Documents/Development/Projects/generator-tmp2/router/index.js
FN:9,Generator
FN:19,createControllerFiles
FNF:2
FNH:1
FNDA:1,Generator
FNDA:0,createControllerFiles
DA:2,1
DA:7,1
DA:9,1
DA:10,1
DA:11,1
DA:12,1
DA:17,1
DA:19,1
DA:20,0
DA:21,0
DA:22,0
DA:24,0
DA:25,0
DA:26,0
DA:27,0
LF:15
LH:8
BRDA:11,1,0,0
BRDA:11,1,1,1
BRDA:20,2,0,0
BRDA:20,2,1,0
BRDA:24,3,0,0
BRDA:24,3,1,0
BRF:6
BRH:1
end_of_record
TN:
SF:/Users/hano/Documents/Development/Projects/generator-tmp2/view/index.js
FN:9,Generator
FN:18,createViewFiles
FNF:2
FNH:1
FNDA:1,Generator
FNDA:0,createViewFiles
DA:2,1
DA:7,1
DA:9,1
DA:10,1
DA:11,1
DA:12,1
DA:16,1
DA:18,1
DA:19,0
DA:21,0
DA:22,0
DA:24,0
DA:25,0
DA:26,0
DA:27,0
LF:15
LH:8
BRDA:11,1,0,0
BRDA:11,1,1,1
BRDA:19,2,0,0
BRDA:19,2,1,0
BRDA:24,3,0,0
BRDA:24,3,1,0
BRF:6
BRH:1
end_of_record
TN:
SF:/Users/hano/Documents/Development/Projects/generator-tmp2/controller/index.js
FN:12,Generator
FN:23,createControllerFiles
FNF:2
FNH:1
FNDA:1,Generator
FNDA:0,createControllerFiles
DA:2,1
DA:10,1
DA:12,1
DA:13,1
DA:14,1
DA:16,1
DA:17,1
DA:21,1
DA:23,1
DA:24,0
DA:25,0
DA:26,0
DA:28,0
DA:29,0
DA:30,0
DA:32,0
DA:34,0
DA:35,0
DA:43,0
LF:19
LH:9
BRDA:16,1,0,0
BRDA:16,1,1,1
BRDA:24,2,0,0
BRDA:24,2,1,0
BRDA:28,3,0,0
BRDA:28,3,1,0
BRDA:34,4,0,0
BRDA:34,4,1,0
BRF:8
BRH:1
end_of_record
TN:
SF:/Users/hano/Documents/Development/Projects/generator-tmp2/layout/index.js
FN:9,Generator
FN:17,createControllerFiles
FNF:2
FNH:1
FNDA:1,Generator
FNDA:0,createControllerFiles
DA:2,1
DA:7,1
DA:9,1
DA:10,1
DA:11,1
DA:12,1
DA:15,1
DA:17,1
DA:18,0
DA:19,0
DA:20,0
DA:22,0
DA:23,0
DA:24,0
DA:25,0
LF:15
LH:8
BRDA:11,1,0,0
BRDA:11,1,1,1
BRDA:18,2,0,0
BRDA:18,2,1,0
BRDA:22,3,0,0
BRDA:22,3,1,0
BRF:6
BRH:1
end_of_record
TN:
SF:/Users/hano/Documents/Development/Projects/generator-tmp2/i18n/index.js
FN:8,Generator
FN:18,createI18NFiles
FNF:2
FNH:1
FNDA:1,Generator
FNDA:0,createI18NFiles
DA:2,1
DA:3,1
DA:4,1
DA:6,1
DA:8,1
DA:9,1
DA:10,1
DA:12,1
DA:13,1
DA:16,1
DA:18,1
DA:19,0
DA:20,0
LF:13
LH:11
BRF:0
BRH:0
end_of_record
